<?xml version="1.0" encoding="UTF-8"?>
<!-- Generated by org.testng.reporters.JUnitReportReporter -->
<testsuite hostname="Mohanraj" failures="0" tests="1" name="RestAssuredBDD.Demo4_delete" time="4.337" errors="0" timestamp="2024-12-31T16:53:23 IST" skipped="0">
  <testcase classname="RestAssuredBDD.Demo4_delete" name="deleterecords" time="4.337"/>
  <system-out/>
</testsuite> <!-- RestAssuredBDD.Demo4_delete -->
