<?xml version="1.0" encoding="UTF-8"?>
<!-- Generated by org.testng.reporters.JUnitReportReporter -->
<testsuite hostname="Mohanraj" failures="0" tests="1" name="RestAssuredBDD.Demo2_Post" time="3.567" errors="0" timestamp="2024-12-30T16:45:25 IST" skipped="0">
  <testcase classname="RestAssuredBDD.Demo2_Post" name="testpost" time="3.567"/>
  <system-out/>
</testsuite> <!-- RestAssuredBDD.Demo2_Post -->
