<?xml version="1.0" encoding="UTF-8"?>
<!-- Generated by org.testng.reporters.JUnitReportReporter -->
<testsuite hostname="Mohanraj" failures="0" tests="1" name="RestAssuredBDD.Demo3_put" time="3.445" errors="0" timestamp="2024-12-31T16:48:39 IST" skipped="0">
  <testcase classname="RestAssuredBDD.Demo3_put" name="testpost" time="3.445"/>
  <system-out/>
</testsuite> <!-- RestAssuredBDD.Demo3_put -->
