<?xml version="1.0" encoding="UTF-8"?>
<!-- Generated by org.testng.reporters.JUnitReportReporter -->
<testsuite hostname="Mohanraj" failures="0" tests="1" name="RestAssuredBDD.Demo1_get" time="6.422" errors="0" timestamp="2024-12-31T16:40:13 IST" skipped="0">
  <testcase classname="RestAssuredBDD.Demo1_get" name="getweatherdetails" time="6.422"/>
  <system-out/>
</testsuite> <!-- RestAssuredBDD.Demo1_get -->
