<?xml version="1.0" encoding="UTF-8"?>
<!-- Generated by org.testng.reporters.JUnitReportReporter -->
<testsuite hostname="Mohanraj" failures="0" tests="1" name="RestAssuredBDD.Demo5_Validation_json" time="5.201" errors="0" timestamp="2025-01-02T15:49:12 IST" skipped="0">
  <testcase classname="RestAssuredBDD.Demo5_Validation_json" name="testmultiplecontent" time="5.201"/>
  <system-out/>
</testsuite> <!-- RestAssuredBDD.Demo5_Validation_json -->
