<?xml version="1.0" encoding="UTF-8"?>
<!-- Generated by org.testng.reporters.JUnitReportReporter -->
<testsuite hostname="Mohanraj" failures="0" tests="1" name="RestAssured.Demo_Post" time="0.006" errors="0" timestamp="2024-12-30T14:52:45 IST" skipped="0">
  <testcase classname="RestAssured.Demo_Post" name="testpost" time="0.006"/>
  <system-out/>
</testsuite> <!-- RestAssured.Demo_Post -->
