<?xml version="1.0" encoding="UTF-8"?>
<!-- Generated by org.testng.reporters.JUnitReportReporter -->
<testsuite hostname="Mohanraj" failures="0" tests="1" name="RestAssured.Demo1_get" time="3.882" errors="0" timestamp="2024-12-30T15:27:30 IST" skipped="0">
  <testcase classname="RestAssured.Demo1_get" name="getweatherdetails" time="3.882"/>
  <system-out/>
</testsuite> <!-- RestAssured.Demo1_get -->
