<?xml version="1.0" encoding="UTF-8"?>
<!-- Generated by org.testng.reporters.JUnitReportReporter -->
<testsuite hostname="Mohanraj" failures="0" tests="1" name="RestAssuredBDD.Demo6_ValidationsXML" time="4.858" errors="0" timestamp="2025-01-02T15:57:51 IST" skipped="0">
  <testcase classname="RestAssuredBDD.Demo6_ValidationsXML" name="testmultiplecontentOnetoGo" time="4.858"/>
  <system-out/>
</testsuite> <!-- RestAssuredBDD.Demo6_ValidationsXML -->
